<?xml version="1.0" encoding="UTF-8"?>
<!-- Generated by org.testng.reporters.JUnitXMLReporter -->
<testsuite hostname="LAPTOP-45MJ35M6" ignored="0" name="Test" tests="3" failures="1" timestamp="2020-10-08T15:59:26 IST" time="4.98" errors="0">
  <testcase name="Ass" time="0.009" classname="restapi_test.rest_api_test.RestApiTest"/>
  <testcase name="Restapitest" time="2.943" classname="restapi_test.rest_api_test.RestApiTest"/>
  <testcase name="RegistrationSuccessful" time="1.982" classname="restapi_test.rest_api_test.RestPostApiTest">
    <failure type="java.lang.AssertionError" message="expected [88] but found [Idaa]">
      <![CDATA[java.lang.AssertionError: expected [88] but found [Idaa]
at restapi_test.rest_api_test.RestPostApiTest.RegistrationSuccessful(RestPostApiTest.java:70)
at java.util.ArrayList.forEach(Unknown Source)
... Removed 33 stack frames]]>
    </failure>
  </testcase> <!-- RegistrationSuccessful -->
</testsuite> <!-- Test -->
