<?xml version="1.0" encoding="UTF-8"?>
<!-- Generated by org.testng.reporters.JUnitXMLReporter -->
<testsuite hostname="LAPTOP-45MJ35M6" ignored="0" name="Test" tests="3" failures="1" timestamp="2020-10-08T18:40:28 IST" time="4.222" errors="0">
  <testcase name="Ass" time="0.007" classname="restapi_test.rest_api_test.RestApiTest"/>
  <testcase name="Restapitest" time="2.468" classname="restapi_test.rest_api_test.RestApiTest"/>
  <testcase name="RegistrationSuccessful" time="1.697" classname="restapi_test.rest_api_test.RestPostApiTest">
    <failure type="java.lang.AssertionError" message="expected [88] but found [Idaa]">
      <![CDATA[java.lang.AssertionError: expected [88] but found [Idaa]
at restapi_test.rest_api_test.RestPostApiTest.RegistrationSuccessful(RestPostApiTest.java:70)
at java.util.ArrayList.forEach(ArrayList.java:1257)
... Removed 36 stack frames]]>
    </failure>
  </testcase> <!-- RegistrationSuccessful -->
</testsuite> <!-- Test -->
