-------------------------------------------------------------------------------
Test set: TestSuite
-------------------------------------------------------------------------------
Tests run: 3, Failures: 1, Errors: 0, Skipped: 0, Time elapsed: 4.766 s <<< FAILURE! - in TestSuite
RegistrationSuccessful(restapi_test.rest_api_test.RestPostApiTest)  Time elapsed: 1.443 s  <<< FAILURE!
java.lang.AssertionError: expected [88] but found [Idaa]
	at restapi_test.rest_api_test.RestPostApiTest.RegistrationSuccessful(RestPostApiTest.java:70)

